[debug] > Exec(early(addDefaultCommands), None, None)
[debug] > Exec(addDefaultCommands, None, None)
[debug] > Exec(early(initialize), None, None)
[debug] > Exec(initialize, None, None)
[debug] > Exec(early(addPluginSbtFile="""C:\Users\jbran\AppData\Local\Temp\idea.sbt"""), None, None)
[debug] > Exec(addPluginSbtFile="""C:\Users\jbran\AppData\Local\Temp\idea.sbt""", None, None)
[debug] > Exec(boot, None, None)
[debug] > Exec(writeSbtVersion, None, None)
[debug] > Exec(reload, None, None)
[debug] > Exec(sbtStashOnFailure, None, None)
[debug] > Exec(onFailure loadFailed, None, None)
[debug] > Exec(loadp, None, None)
[info] welcome to sbt 1.7.1 (Oracle Corporation Java 11.0.16)
[debug]       Load.loadUnit: plugins took 266.084ms
[debug]       Load.loadUnit: defsScala took 0.9513ms
[debug] [Loading] Scanning directory C:\Users\jbran\.sbt\1.0\plugins
[debug] [Loading] Found non-root projects 
[debug] [Loading] Done in C:\Users\jbran\.sbt\1.0\plugins, returning: ()
[debug] deducing auto plugins based on known facts Set(Atom(sbt.plugins.CorePlugin)) and clauses Clauses(Clause(Atom(sbt.plugins.JvmPlugin),Set(Atom(sbt.plugins.IvyPlugin)))
[debug] Clause(Atom(sbt.ScriptedPlugin),Set(Atom(sbt.plugins.JvmPlugin)))
[debug] Clause(Atom(sbt.plugins.SbtPlugin),Set(Atom(sbt.ScriptedPlugin)))
[debug] Clause(Atom(sbt.plugins.SemanticdbPlugin),Set(Atom(sbt.plugins.JvmPlugin)))
[debug] Clause(Atom(sbt.plugins.JUnitXmlReportPlugin),Set(Atom(sbt.plugins.JvmPlugin)))
[debug] Clause(Atom(sbt.plugins.MiniDependencyTreePlugin),Set(Atom(sbt.plugins.JvmPlugin)))
[debug] Clause(Atom(sbt.plugins.CorePlugin),Set(Atom(sbt.plugins.IvyPlugin)))
[debug] Clause(Atom(sbt.plugins.IvyPlugin),Set(Atom(sbt.plugins.JvmPlugin)))
[debug] Clause(Atom(sbt.plugins.JvmPlugin),Set(Atom(sbt.plugins.SemanticdbPlugin)))
[debug] Clause(Atom(sbt.plugins.JvmPlugin),Set(Atom(sbt.plugins.JUnitXmlReportPlugin)))
[debug] Clause(Atom(sbt.plugins.CorePlugin),Set(Atom(sbt.plugins.Giter8TemplatePlugin)))
[debug] Clause(Atom(sbt.plugins.JvmPlugin),Set(Atom(sbt.plugins.MiniDependencyTreePlugin))))
[debug]   :: deduced result: Matched(sbt.plugins.CorePlugin,sbt.plugins.Giter8TemplatePlugin,sbt.plugins.IvyPlugin,sbt.plugins.JvmPlugin,sbt.plugins.MiniDependencyTreePlugin,sbt.plugins.JUnitXmlReportPlugin,sbt.plugins.SemanticdbPlugin)
[debug] Plugins.deducer#function took 37.9199 ms
[debug]           Load.resolveProject(global-plugins) took 83.2212ms
[debug]         Load.loadTransitive: finalizeProject(Project(id global-plugins, base: C:\Users\jbran\.sbt\1.0\plugins, plugins: List(<none>))) took 205.0308ms
[debug] [Loading] Done in C:\Users\jbran\.sbt\1.0\plugins, returning: (global-plugins)
[debug]       Load.loadUnit: loadedProjectsRaw took 275.5217ms
[debug]       Load.loadUnit: cleanEvalClasses took 0.4161ms
[debug]     Load.loadUnit(file:/C:/Users/jbran/.sbt/1.0/plugins/, ...) took 572.3998ms
[debug]   Load.apply: load took 1072.7624ms
[debug]   Load.apply: resolveProjects took 18.0633ms
[debug]   Load.apply: finalTransforms took 159.5175ms
[debug]   Load.apply: config.delegates took 28.3714ms
[debug]   Load.apply: Def.make(settings)... took 1547.9687ms
[debug]   Load.apply: structureIndex took 665.7498ms
[debug]   Load.apply: mkStreams took 3.6051ms
[info] loading global plugins from C:\Users\jbran\.sbt\1.0\plugins
[debug] Running task... Cancel: Signal, check cycles: false, forcegc: true
[debug] Load.defaultLoad until apply took 7141.6923ms
[debug]           Load.loadUnit: plugins took 73.0637ms
[debug]           Load.loadUnit: defsScala took 0.0101ms
[debug] [Loading] Scanning directory C:\Users\jbran\scalaProjects\Play\play-samples-play-scala-forms-example\project
[debug]             Load.loadUnit: mkEval took 15.3839ms
[debug] [Loading] Found non-root projects 
[debug] [Loading] Done in C:\Users\jbran\scalaProjects\Play\play-samples-play-scala-forms-example\project, returning: ()
[debug] deducing auto plugins based on known facts Set(Atom(sbt.plugins.CorePlugin)) and clauses Clauses(Clause(Atom(sbt.plugins.JvmPlugin),Set(Atom(sbt.plugins.IvyPlugin)))
[debug] Clause(Atom(sbt.ScriptedPlugin),Set(Atom(sbt.plugins.JvmPlugin)))
[debug] Clause(Atom(sbt.plugins.SbtPlugin),Set(Atom(sbt.ScriptedPlugin)))
[debug] Clause(Atom(sbt.plugins.SemanticdbPlugin),Set(Atom(sbt.plugins.JvmPlugin)))
[debug] Clause(Atom(sbt.plugins.JUnitXmlReportPlugin),Set(Atom(sbt.plugins.JvmPlugin)))
[debug] Clause(Atom(sbt.plugins.MiniDependencyTreePlugin),Set(Atom(sbt.plugins.JvmPlugin)))
[debug] Clause(Atom(sbt.plugins.CorePlugin),Set(Atom(sbt.plugins.IvyPlugin)))
[debug] Clause(Atom(sbt.plugins.IvyPlugin),Set(Atom(sbt.plugins.JvmPlugin)))
[debug] Clause(Atom(sbt.plugins.JvmPlugin),Set(Atom(sbt.plugins.SemanticdbPlugin)))
[debug] Clause(Atom(sbt.plugins.JvmPlugin),Set(Atom(sbt.plugins.JUnitXmlReportPlugin)))
[debug] Clause(Atom(sbt.plugins.CorePlugin),Set(Atom(sbt.plugins.Giter8TemplatePlugin)))
[debug] Clause(Atom(sbt.plugins.JvmPlugin),Set(Atom(sbt.plugins.MiniDependencyTreePlugin))))
[debug]   :: deduced result: Matched(sbt.plugins.CorePlugin,sbt.plugins.Giter8TemplatePlugin,sbt.plugins.IvyPlugin,sbt.plugins.JvmPlugin,sbt.plugins.MiniDependencyTreePlugin,sbt.plugins.JUnitXmlReportPlugin,sbt.plugins.SemanticdbPlugin)
[debug] Plugins.deducer#function took 7.618 ms
[info] loading settings for project play-samples-play-scala-forms-example-build from plugins.sbt,idea.sbt ...
[debug]               Load.resolveProject(play-samples-play-scala-forms-example-build) took 21.8437ms
[debug]             Load.loadTransitive: finalizeProject(Project(id play-samples-play-scala-forms-example-build, base: C:\Users\jbran\scalaProjects\Play\play-samples-play-scala-forms-example\project, plugins: List(<none>))) took 31.4931ms
[debug] [Loading] Done in C:\Users\jbran\scalaProjects\Play\play-samples-play-scala-forms-example\project, returning: (play-samples-play-scala-forms-example-build)
[debug]           Load.loadUnit: loadedProjectsRaw took 8614.6686ms
[debug]           Load.loadUnit: cleanEvalClasses took 12.7933ms
[debug]         Load.loadUnit(file:/C:/Users/jbran/scalaProjects/Play/play-samples-play-scala-forms-example/project/, ...) took 8702.6296ms
[debug]       Load.apply: load took 8706.5861ms
[debug]       Load.apply: resolveProjects took 0.3058ms
[debug]       Load.apply: finalTransforms took 27.1896ms
[debug]       Load.apply: config.delegates took 0.8601ms
[debug]       Load.apply: Def.make(settings)... took 304.8594ms
[debug]       Load.apply: structureIndex took 85.2643ms
[debug]       Load.apply: mkStreams took 0.0045ms
[info] loading project definition from C:\Users\jbran\scalaProjects\Play\play-samples-play-scala-forms-example\project
[debug] Running task... Cancel: Signal, check cycles: false, forcegc: true
[warn] Unrecognized repository Scala Plugin Bundled Repository, ignoring it
[warn] Unrecognized repository Scala Plugin Bundled Repository, ignoring it
[debug]     Load.loadUnit: plugins took 16655.4584ms
[debug]     Load.loadUnit: defsScala took 0.0103ms
[debug] [Loading] Scanning directory C:\Users\jbran\scalaProjects\Play\play-samples-play-scala-forms-example
[debug]       Load.loadUnit: mkEval took 1.5769ms
